<html>
<body>
<pre>
<h1>Vision Build Log</h1>
<h2>Tool Versions:</h2>
IDE-Version: μVision V5.14.0.0
Copyright (C) 2015 ARM Ltd and ARM Germany GmbH. All rights reserved.
License Information: F Administrator, F, LIC=----
 
Tool Versions:
Toolchain:       MDK-Lite  Version: 5.14.0.0
Toolchain Path:  C:\Keil_v5\ARM\ARMCC\Bin
C Compiler:      Armcc.exe V5.05 update 1 (build 106)
Assembler:       Armasm.exe V5.05 update 1 (build 106)
Linker/Locator:  ArmLink.exe V5.05 update 1 (build 106)
Library Manager: ArmAr.exe V5.05 update 1 (build 106)
Hex Converter:   FromElf.exe V5.05 update 1 (build 106)
CPU DLL:         SARMCM3.DLL V5.14.0.0
Dialog DLL:      DCM.DLL V1.13.1.0
Target DLL:      Segger\JL2CM3.dll V2.99.13.0
Dialog DLL:      TCM.DLL V1.14.4.0
 
<h2>Project:</h2>
E:\Workspace\stm32\STM32F407VET6\smart_system\USER\smartsystem.uvprojx
Project File Date:  02/23/2023

<h2>Output:</h2>
Build target 'smart_system'
compiling main.c...
assembling startup_stm32f40_41xxx.s...
compiling system_stm32f4xx.c...
compiling misc.c...
compiling stm32f4xx_adc.c...
compiling stm32f4xx_dac.c...
compiling stm32f4xx_exti.c...
compiling stm32f4xx_flash.c...
compiling stm32f4xx_gpio.c...
compiling stm32f4xx_i2c.c...
compiling stm32f4xx_iwdg.c...
compiling stm32f4xx_pwr.c...
compiling stm32f4xx_rcc.c...
compiling stm32f4xx_rtc.c...
compiling stm32f4xx_spi.c...
compiling stm32f4xx_syscfg.c...
compiling stm32f4xx_tim.c...
compiling stm32f4xx_usart.c...
compiling stm32f4xx_wwdg.c...
compiling adc.c...
..\HARDWARE\adc.c(75): warning:  #177-D: function "Get_Adc" was declared but never referenced
  static U16 Get_Adc(void)
..\HARDWARE\adc.c: 1 warning, 0 errors
compiling blue_tooth.c...
compiling button.c...
compiling delay.c...
compiling dht11.c...
compiling flash.c...
compiling interrupt.c...
compiling iwdg.c...
compiling led.c...
compiling rtc.c...
..\HARDWARE\rtc.c(153): warning:  #61-D: integer operation result is out of range
      RTC_DateStructure.RTC_Year = (U8)((Date & (DATI_MASK << 24))>>24);
..\HARDWARE\rtc.c(153): warning:  #68-D: integer conversion resulted in a change of sign
      RTC_DateStructure.RTC_Year = (U8)((Date & (DATI_MASK << 24))>>24);
..\HARDWARE\rtc.c(166): warning:  #61-D: integer operation result is out of range
      if((U8)((Time & (DATI_MASK << 24))>>24) < 12)
..\HARDWARE\rtc.c(166): warning:  #68-D: integer conversion resulted in a change of sign
      if((U8)((Time & (DATI_MASK << 24))>>24) < 12)
..\HARDWARE\rtc.c(307): warning:  #1-D: last line of file ends without a newline
  }
..\HARDWARE\rtc.c: 5 warnings, 0 errors
compiling tim.c...
..\HARDWARE\tim.c(11): warning:  #177-D: variable "NVIC_InitStructure" was declared but never referenced
      NVIC_InitTypeDef  NVIC_InitStructure;
..\HARDWARE\tim.c(4): warning:  #550-D: variable "timer3_freq" was set but never used
  static u32 timer3_freq;
..\HARDWARE\tim.c: 2 warnings, 0 errors
compiling timer.c...
compiling ultrasound.c...
compiling usart.c...
compiling usb_ttl.c...
compiling oled.c...
compiling esp8266_cilent.c...
..\HARDWARE\esp8266_cilent.c(60): warning:  #223-D: function "Usart1_SendString" declared implicitly
        Usart1_SendString((unsigned char *)cmd, strlen((const char *)cmd));
..\HARDWARE\esp8266_cilent.c(68): warning:  #223-D: function "ESP8266_Cli_Clear" declared implicitly
                                ESP8266_Cli_Clear();                                                                    //清空缓存
..\HARDWARE\esp8266_cilent.c(74): warning:  #223-D: function "delay_ms" declared implicitly
                delay_ms(10);
..\HARDWARE\esp8266_cilent.c(89): warning:  #223-D: function "ESP8266_Sys_Clear" declared implicitly
        ESP8266_Sys_Clear();                                                            //清空接收缓存
..\HARDWARE\esp8266_cilent.c(93): warning:  #223-D: function "Usart3_SendString" declared implicitly
                Usart3_SendString(data, len);           //发送设备连接请求数据
..\HARDWARE\esp8266_cilent.c(101): warning:  #223-D: function "ESP8266_SendCmd" declared implicitly
        while(ESP8266_SendCmd("AT+CIPMUX=1\r\n", "OK", 200))
..\HARDWARE\esp8266_cilent.c(102): warning:  #223-D: function "delay_ms" declared implicitly
                delay_ms(500);  
..\HARDWARE\esp8266_cilent.c(113): error:  #20: identifier "ESP8266_WIFI_INFO" is undefined
        while(ESP8266_SendCmd(ESP8266_WIFI_INFO, "GOT IP", 200))
..\HARDWARE\esp8266_cilent.c(115): error:  #20: identifier "AT" is undefined
        AT+CIPMUX=1
..\HARDWARE\esp8266_cilent.c(115): error:  #20: identifier "CIPMUX" is undefined
        AT+CIPMUX=1
..\HARDWARE\esp8266_cilent.c(116): error:  #65: expected a ";"
        AT+CIPSERVER=1
..\HARDWARE\esp8266_cilent.c(119): error:  #20: identifier "ESP8266_ONENET_INFO" is undefined
        while(ESP8266_SendCmd(ESP8266_ONENET_INFO, "CONNECT", 200))
..\HARDWARE\esp8266_cilent.c(133): error:  #20: identifier "RCC_APB2Periph_GPIOD" is undefined
        RCC_APB2PeriphClockCmd(RCC_APB2Periph_GPIOD, ENABLE);
..\HARDWARE\esp8266_cilent.c(136): error:  #20: identifier "GPIO_Mode_Out" is undefined
        GPIO_Initure.GPIO_Mode = GPIO_Mode_Out;
..\HARDWARE\esp8266_cilent.c(142): warning:  #223-D: function "delay_ms" declared implicitly
        delay_ms(250);
..\HARDWARE\esp8266_cilent.c(148): warning:  #223-D: function "ESP8266_SendCmd" declared implicitly
        while(ESP8266_SendCmd("AT\r\n\r", "OK", 400))
..\HARDWARE\esp8266_cilent.c(164): error:  #20: identifier "esp8266_buf" is undefined
                if(esp8266_sys_cnt >= sizeof(esp8266_buf))      esp8266_sys_cnt = 0; //防止串口被刷爆
..\HARDWARE\esp8266_cilent.c(187): error:  #159: declaration is incompatible with previous "Usart1_SendString" (declared at line 60)
  void Usart1_SendString(unsigned char *str, unsigned short len)
..\HARDWARE\esp8266_cilent.c: 9 warnings, 9 errors
compiling bsp.c...
compiling cpu_core.c...
compiling cpu_c.c...
assembling cpu_a.asm...
compiling lib_ascii.c...
compiling lib_math.c...
compiling lib_mem.c...
compiling lib_str.c...
assembling lib_mem_a.asm...
compiling os_cfg_app.c...
compiling os_core.c...
compiling os_dbg.c...
compiling os_flag.c...
compiling os_int.c...
compiling os_mem.c...
compiling os_msg.c...
compiling os_mutex.c...
compiling os_pend_multi.c...
compiling os_prio.c...
compiling os_q.c...
compiling os_sem.c...
compiling os_stat.c...
compiling os_task.c...
compiling os_tick.c...
compiling os_time.c...
compiling os_tmr.c...
compiling os_var.c...
assembling os_cpu_a.asm...
compiling os_cpu_c.c...
compiling os_app_hooks.c...
".\Objects\smartsystem.axf" - 9 Error(s), 17 Warning(s).

<h2>Collection of Component include folders:</h2>
  E:\Workspace\stm32\STM32F407VET6\smart_system\USER\RTE
  C:\Keil_v5\ARM\PACK\Keil\STM32F4xx_DFP\1.0.8\Device\Include

<h2>Collection of Component Files used:</h2>
Target not created.
</pre>
</body>
</html>
